\BOOKMARK [0][-]{Doc-Start}{Introduction}{}% 1
\BOOKMARK [0][-]{chapter.1}{Project Analysis}{}% 2
\BOOKMARK [1][-]{section.1.1}{Problem definition}{chapter.1}% 3
\BOOKMARK [1][-]{section.1.2}{Problem solution}{chapter.1}% 4
\BOOKMARK [1][-]{section.1.3}{Decision Support System}{chapter.1}% 5
\BOOKMARK [1][-]{section.1.4}{SWOT Analysis}{chapter.1}% 6
\BOOKMARK [1][-]{section.1.5}{Division of labor}{chapter.1}% 7
\BOOKMARK [0][-]{chapter.2}{Project Design}{}% 8
\BOOKMARK [1][-]{section.2.1}{Overall Architecture}{chapter.2}% 9
\BOOKMARK [1][-]{section.2.2}{Database}{chapter.2}% 10
\BOOKMARK [1][-]{section.2.3}{Database structure and design}{chapter.2}% 11
\BOOKMARK [1][-]{section.2.4}{Data model}{chapter.2}% 12
\BOOKMARK [0][-]{chapter.3}{Project Implementation}{}% 13
\BOOKMARK [1][-]{section.3.1}{Technology choices}{chapter.3}% 14
\BOOKMARK [1][-]{section.3.2}{Natural Language Recognition}{chapter.3}% 15
\BOOKMARK [2][-]{subsection.3.2.1}{Classifier implementation}{section.3.2}% 16
\BOOKMARK [2][-]{subsection.3.2.2}{Review on results}{section.3.2}% 17
\BOOKMARK [1][-]{section.3.3}{Questions logic}{chapter.3}% 18
\BOOKMARK [1][-]{section.3.4}{Decision making}{chapter.3}% 19
\BOOKMARK [0][-]{chapter.4}{Feedback}{}% 20
\BOOKMARK [0][-]{paragraph*.50}{Conclusion}{}% 21
